<?xml version="1.0" encoding="UTF-8"?>
<!-- Generated by org.testng.reporters.JUnitReportReporter -->
<testsuite hostname="YI1011888LT" failures="0" tests="5" name="com.suite.test.AppRegistrationTest" time="103.800" errors="0" timestamp="2021-09-13T14:21:15 IST" skipped="3">
  <testcase classname="com.suite.test.AppRegistrationTest" name="verifyApproveStatus" time="51.756"/>
  <system-out/>
  <testcase classname="com.suite.test.AppRegistrationTest" name="verifyDeleteApplication" time="52.044"/>
  <system-out/>
  <testcase classname="com.suite.test.AppRegistrationTest" name="verifyAddApplicationLink">
    <skipped/>
  </testcase> <!-- verifyAddApplicationLink -->
  <system-out/>
  <testcase classname="com.suite.test.AppRegistrationTest" name="verifySubmitForTestingApp">
    <skipped/>
  </testcase> <!-- verifySubmitForTestingApp -->
  <system-out/>
  <testcase classname="com.suite.test.AppRegistrationTest" name="editAddApplication">
    <skipped/>
  </testcase> <!-- editAddApplication -->
  <system-out/>
</testsuite> <!-- com.suite.test.AppRegistrationTest -->
