<?xml version="1.0" encoding="UTF-8"?>
<!-- Generated by org.testng.reporters.JUnitReportReporter -->
<testsuite hostname="YI1011888LT" failures="0" tests="4" name="com.suite.test.LoginDevPortal" time="141.882" errors="0" timestamp="2021-08-19T19:19:51 IST" skipped="0">
  <testcase classname="com.suite.test.LoginDevPortal" name="loginToDeveloperPortal" time="38.422"/>
  <system-out/>
  <testcase classname="com.suite.test.LoginDevPortal" name="loginToDeveloperPortal" time="36.515"/>
  <system-out/>
  <testcase classname="com.suite.test.LoginDevPortal" name="loginToDeveloperPortal" time="32.367"/>
  <system-out/>
  <testcase classname="com.suite.test.LoginDevPortal" name="resetPassword" time="34.578"/>
  <system-out/>
</testsuite> <!-- com.suite.test.LoginDevPortal -->
