<?xml version="1.0" encoding="UTF-8"?>
<!-- Generated by org.testng.reporters.JUnitReportReporter -->
<testsuite hostname="YI1011888LT" failures="0" tests="9" name="com.suite.test.OfflinePluginsTest" time="315.470" errors="0" timestamp="2021-08-19T19:19:51 IST" skipped="0">
  <testcase classname="com.suite.test.OfflinePluginsTest" name="verifyDownloadPlugins" time="33.928"/>
  <system-out/>
  <testcase classname="com.suite.test.OfflinePluginsTest" name="verifyReadDocuments" time="32.653"/>
  <system-out/>
  <testcase classname="com.suite.test.OfflinePluginsTest" name="verifyReadDocuments" time="35.815"/>
  <system-out/>
  <testcase classname="com.suite.test.OfflinePluginsTest" name="verifyReadDocuments" time="38.113"/>
  <system-out/>
  <testcase classname="com.suite.test.OfflinePluginsTest" name="testOfflineProgramsUI" time="32.760"/>
  <system-out/>
  <testcase classname="com.suite.test.OfflinePluginsTest" name="testOfflineProgramsUI" time="30.898"/>
  <system-out/>
  <testcase classname="com.suite.test.OfflinePluginsTest" name="verifyDownloadPlugins" time="41.916"/>
  <system-out/>
  <testcase classname="com.suite.test.OfflinePluginsTest" name="testOfflineProgramsUI" time="34.415"/>
  <system-out/>
  <testcase classname="com.suite.test.OfflinePluginsTest" name="verifyDownloadPlugins" time="34.972"/>
  <system-out/>
</testsuite> <!-- com.suite.test.OfflinePluginsTest -->
