<?xml version="1.0" encoding="UTF-8"?>
<!-- Generated by org.testng.reporters.JUnitReportReporter -->
<testsuite hostname="YI1011888LT" failures="0" tests="2" name="com.suite.test.CompanyAssociationTest" time="41.836" errors="0" timestamp="2021-09-13T19:15:15 IST" skipped="1">
  <testcase classname="com.suite.test.CompanyAssociationTest" name="verifyDeAssociateComapnyMember" time="41.836"/>
  <system-out/>
  <testcase classname="com.suite.test.CompanyAssociationTest" name="verifyAssociateComapnyMember">
    <skipped/>
  </testcase> <!-- verifyAssociateComapnyMember -->
  <system-out/>
</testsuite> <!-- com.suite.test.CompanyAssociationTest -->
